2017/12/02 15:15:52 Beginning Santa's workplace simulation ~~~
2017/12/02 15:15:52 Ho! Ho! Hoo! Let's go deliver some toys! :D
2017/12/02 15:15:52 -------------------------------------------
2017/12/02 15:15:52 Reindeer 6 delivering toys
2017/12/02 15:15:52 Reindeer 8 delivering toys
2017/12/02 15:15:52 Reindeer 7 delivering toys
2017/12/02 15:15:52 Reindeer 4 delivering toys
2017/12/02 15:15:52 Reindeer 1 delivering toys
2017/12/02 15:15:52 Reindeer 2 delivering toys
2017/12/02 15:15:52 Reindeer 3 delivering toys
2017/12/02 15:15:52 Reindeer 5 delivering toys
2017/12/02 15:15:52 Reindeer 9 delivering toys
2017/12/02 15:15:57 Ho! Ho! Hoo! Let's hold the meeting in the study! :D
2017/12/02 15:15:57 ----------------------------------------------------
2017/12/02 15:15:57 Elf 3 meeting in the study
2017/12/02 15:15:57 Elf 1 meeting in the study
2017/12/02 15:15:57 Elf 2 meeting in the study
2017/12/02 15:16:02 Ho! Ho! Hoo! Let's go deliver some toys! :D
2017/12/02 15:16:02 -------------------------------------------
2017/12/02 15:16:02 Reindeer 8 delivering toys
2017/12/02 15:16:02 Reindeer 4 delivering toys
2017/12/02 15:16:02 Reindeer 3 delivering toys
2017/12/02 15:16:02 Reindeer 2 delivering toys
2017/12/02 15:16:02 Reindeer 6 delivering toys
2017/12/02 15:16:02 Reindeer 1 delivering toys
2017/12/02 15:16:02 Reindeer 9 delivering toys
2017/12/02 15:16:02 Reindeer 5 delivering toys
2017/12/02 15:16:02 Reindeer 7 delivering toys
2017/12/02 15:16:07 Ho! Ho! Hoo! Let's hold the meeting in the study! :D
2017/12/02 15:16:07 ----------------------------------------------------
2017/12/02 15:16:07 Elf 4 meeting in the study
2017/12/02 15:16:07 Elf 6 meeting in the study
2017/12/02 15:16:07 Elf 5 meeting in the study
2017/12/02 15:16:12 Ho! Ho! Hoo! Let's go deliver some toys! :D
2017/12/02 15:16:12 -------------------------------------------
2017/12/02 15:16:12 Reindeer 3 delivering toys
2017/12/02 15:16:12 Reindeer 8 delivering toys
2017/12/02 15:16:12 Reindeer 9 delivering toys
2017/12/02 15:16:12 Reindeer 6 delivering toys
2017/12/02 15:16:12 Reindeer 4 delivering toys
2017/12/02 15:16:12 Reindeer 5 delivering toys
2017/12/02 15:16:12 Reindeer 7 delivering toys
2017/12/02 15:16:12 Reindeer 1 delivering toys
2017/12/02 15:16:12 Reindeer 2 delivering toys
2017/12/02 15:16:17 Ho! Ho! Hoo! Let's hold the meeting in the study! :D
2017/12/02 15:16:17 ----------------------------------------------------
2017/12/02 15:16:17 Elf 3 meeting in the study
2017/12/02 15:16:17 Elf 1 meeting in the study
2017/12/02 15:16:17 Elf 9 meeting in the study
2017/12/02 15:16:22 Santa is done for the day. Bye Santa ~~~
